0 info it worked if it ends with ok
1 verbose cli [ 'C:\\Program Files\\nodejs\\node.exe',
1 verbose cli   'C:\\Program Files\\nodejs\\node_modules\\npm\\bin\\npm-cli.js',
1 verbose cli   'run',
1 verbose cli   'lite' ]
2 info using npm@3.10.10
3 info using node@v6.11.3
4 verbose run-script [ 'prelite', 'lite', 'postlite' ]
5 info lifecycle Demo@1.0.0~prelite: Demo@1.0.0
6 silly lifecycle Demo@1.0.0~prelite: no script for prelite, continuing
7 info lifecycle Demo@1.0.0~lite: Demo@1.0.0
8 verbose lifecycle Demo@1.0.0~lite: unsafe-perm in lifecycle true
9 verbose lifecycle Demo@1.0.0~lite: PATH: C:\Program Files\nodejs\node_modules\npm\bin\node-gyp-bin;C:\Users\gabri\Documents\MBA FIAP\ARQUITETURA E DESENVOLVIMENTO JAVA COM SAAS\ServicoPrestadorFIAP\node_modules\.bin;C:\Program Files\nodejs\node_modules\npm\bin\node-gyp-bin;C:\Users\gabri\Documents\MBA FIAP\ARQUITETURA E DESENVOLVIMENTO JAVA COM SAAS\ServicoPrestadorFIAP\node_modules\.bin;C:\Users\gabri\bin;C:\Program Files\Git\mingw64\bin;C:\Program Files\Git\usr\local\bin;C:\Program Files\Git\usr\bin;C:\Program Files\Git\usr\bin;C:\Program Files\Git\mingw64\bin;C:\Program Files\Git\usr\bin;C:\Users\gabri\bin;C:\ProgramData\Oracle\Java\javapath;C:\Windows\system32;C:\Windows;C:\Windows\System32\Wbem;C:\Windows\System32\WindowsPowerShell\v1.0;C:\Program Files (x86)\NVIDIA Corporation\PhysX\Common;C:\WINDOWS\system32;C:\WINDOWS;C:\WINDOWS\System32\Wbem;C:\WINDOWS\System32\WindowsPowerShell\v1.0;C:\Program Files\MySQL\MySQL Utilities 1.6;C:\Program Files (x86)\Brackets\command;C:\Users\gabri\AppData\Local\Microsoft\WindowsApps;C:\adb;C:\Program Files (x86)\Skype\Phone;C:\WINDOWS\system32;C:\WINDOWS;C:\WINDOWS\System32\Wbem;C:\WINDOWS\System32\WindowsPowerShell\v1.0;C:\Program Files (x86)\Bitvise SSH Client;C:\Program Files\PuTTY;C:\Program Files\Git\cmd;C:\Program Files\nodejs;C:\Users\gabri\AppData\Local\Microsoft\WindowsApps;C:\Program Files\Heroku\bin;C:\Users\gabri\AppData\Roaming\npm;C:\Program Files\Microsoft VS Code\bin;C:\Program Files\Git\usr\bin\vendor_perl;C:\Program Files\Git\usr\bin\core_perl
10 verbose lifecycle Demo@1.0.0~lite: CWD: C:\Users\gabri\Documents\MBA FIAP\ARQUITETURA E DESENVOLVIMENTO JAVA COM SAAS\ServicoPrestadorFIAP
11 silly lifecycle Demo@1.0.0~lite: Args: [ '/d /s /c', 'lite-server --port 10001' ]
12 silly lifecycle Demo@1.0.0~lite: Returned: code: 1  signal: null
13 info lifecycle Demo@1.0.0~lite: Failed to exec lite script
14 verbose stack Error: Demo@1.0.0 lite: `lite-server --port 10001`
14 verbose stack Exit status 1
14 verbose stack     at EventEmitter.<anonymous> (C:\Program Files\nodejs\node_modules\npm\lib\utils\lifecycle.js:255:16)
14 verbose stack     at emitTwo (events.js:106:13)
14 verbose stack     at EventEmitter.emit (events.js:191:7)
14 verbose stack     at ChildProcess.<anonymous> (C:\Program Files\nodejs\node_modules\npm\lib\utils\spawn.js:40:14)
14 verbose stack     at emitTwo (events.js:106:13)
14 verbose stack     at ChildProcess.emit (events.js:191:7)
14 verbose stack     at maybeClose (internal/child_process.js:920:16)
14 verbose stack     at Process.ChildProcess._handle.onexit (internal/child_process.js:230:5)
15 verbose pkgid Demo@1.0.0
16 verbose cwd C:\Users\gabri\Documents\MBA FIAP\ARQUITETURA E DESENVOLVIMENTO JAVA COM SAAS\ServicoPrestadorFIAP
17 error Windows_NT 10.0.15063
18 error argv "C:\\Program Files\\nodejs\\node.exe" "C:\\Program Files\\nodejs\\node_modules\\npm\\bin\\npm-cli.js" "run" "lite"
19 error node v6.11.3
20 error npm  v3.10.10
21 error code ELIFECYCLE
22 error Demo@1.0.0 lite: `lite-server --port 10001`
22 error Exit status 1
23 error Failed at the Demo@1.0.0 lite script 'lite-server --port 10001'.
23 error Make sure you have the latest version of node.js and npm installed.
23 error If you do, this is most likely a problem with the Demo package,
23 error not with npm itself.
23 error Tell the author that this fails on your system:
23 error     lite-server --port 10001
23 error You can get information on how to open an issue for this project with:
23 error     npm bugs Demo
23 error Or if that isn't available, you can get their info via:
23 error     npm owner ls Demo
23 error There is likely additional logging output above.
24 verbose exit [ 1, true ]
